2024-11-10 17:31:47,715 - src.app - INFO - API BookBridge Iniciada
2024-11-10 17:31:47,717 - src.app - INFO - Povoando banco de dados com dados locais
2024-11-10 17:31:47,719 - src.app - ERROR - Erro ao carregar dados de teste: (sqlite3.OperationalError) near "(": syntax error
[SQL: 
('U010', 'C002')]
(Background on this error at: https://sqlalche.me/e/20/e3q8)
2024-11-10 17:43:47,091 - INFO   : API BookBridge Iniciada
2024-11-10 17:43:47,098 - INFO   : Povoando banco de dados com dados locais
2024-11-10 17:43:47,103 - ERROR  : Erro ao carregar dados de teste: (sqlite3.OperationalError) near "(": syntax error
[SQL: 
('U010', 'C002')]
(Background on this error at: https://sqlalche.me/e/20/e3q8)
2024-11-10 17:52:42,313 - INFO   : API BookBridge Iniciada
2024-11-10 17:52:42,314 - INFO   : Povoando banco de dados com dados locais
2024-11-10 17:52:42,329 - INFO   : Banco de dados com dados locais populado com sucesso
2024-11-10 17:57:21,666 - INFO   : API BookBridge Iniciada
2024-11-10 17:57:21,701 - INFO   : Povoando banco de dados com dados locais
2024-11-10 17:57:21,708 - INFO   : Banco de dados com dados locais populado com sucesso
2024-11-10 18:03:57,513 - INFO   : API BookBridge Iniciada
2024-11-10 18:03:57,536 - INFO   : Povoando banco de dados com dados locais
2024-11-10 18:03:57,541 - INFO   : Banco de dados com dados locais populado com sucesso
2024-11-10 18:05:11,031 - INFO   : API BookBridge Iniciada
2024-11-10 18:05:11,063 - INFO   : Povoando banco de dados com dados locais
2024-11-10 18:05:11,071 - INFO   : Banco de dados com dados locais populado com sucesso
2024-11-10 18:16:54,493 - INFO   : API BookBridge Iniciada
2024-11-10 18:16:54,524 - INFO   : Povoando banco de dados com dados locais
2024-11-10 18:16:54,530 - INFO   : Banco de dados com dados locais populado com sucesso
